Vivado Simulator v2024.2.0
Copyright 1986-2022 Xilinx, Inc. All Rights Reserved.
Copyright 2022-2024 Advanced Micro Devices, Inc. All Rights Reserved.
Running: C:/Xilinx/Vivado/2024.2/bin/unwrapped/win64.o/xelab.exe --incr --debug typical --relax --mt 2 -L xil_defaultlib -L unisims_ver -L unimacro_ver -L secureip --snapshot TOP_tb_behav xil_defaultlib.TOP_tb xil_defaultlib.glbl -log elaborate.log 
Using 2 slave threads.
Starting static elaboration
Pass Through NonSizing Optimizer
Completed static elaboration
Starting simulation data flow analysis
Completed simulation data flow analysis
Time Resolution for simulation is 1ps
Compiling module xil_defaultlib.PROG_MEM
Compiling module xil_defaultlib.FETCH
Compiling module xil_defaultlib.IR
Compiling module xil_defaultlib.READ
Compiling module xil_defaultlib.REGS
Compiling module xil_defaultlib.RR
Compiling module xil_defaultlib.EXECUTE
Compiling module xil_defaultlib.ER
Compiling module xil_defaultlib.WRITE_BACK
Compiling module xil_defaultlib.TOP
Compiling module xil_defaultlib.DATA_MEMORY
Compiling module xil_defaultlib.TOP_tb
Compiling module xil_defaultlib.glbl
Built simulation snapshot TOP_tb_behav
